<?xml version="1.0" encoding="UTF-8"?>
<!-- Generated by org.testng.reporters.JUnitXMLReporter -->
<testsuite ignored="0" hostname="Vrishalis-MacBook-Air.local" failures="0" tests="2" name="SalesForceTests" time="65.266" errors="0" timestamp="2023-06-08T10:15:48 PDT">
  <testcase classname="com.automation.tests.SalesForceAutomationScripts" name="ValidLoginToSalesForce" time="15.743"/>
  <testcase classname="com.automation.tests.SalesForceAutomationScripts" name="loginWithBlankPassword" time="15.467"/>
</testsuite> <!-- SalesForceTests -->
