<?xml version="1.0" encoding="UTF-8"?>
<testng-results ignored="32" total="33" passed="0" failed="1" skipped="0">
  <reporter-output>
  </reporter-output>
  <suite started-at="2023-06-19T19:27:04 PDT" name="Default suite" finished-at="2023-06-19T19:28:08 PDT" duration-ms="63771">
    <groups>
    </groups>
    <test started-at="2023-06-19T19:27:04 PDT" name="Default test" finished-at="2023-06-19T19:28:08 PDT" duration-ms="63771">
      <class name="com.automation.tests.SalesForceAutomationScripts">
        <test-method is-config="true" signature="beforeSuit()[pri:0, instance:com.automation.tests.SalesForceAutomationScripts@2892d68]" started-at="2023-06-19T19:27:03 PDT" name="beforeSuit" finished-at="2023-06-19T19:27:04 PDT" duration-ms="685" status="PASS">
          <reporter-output>
          </reporter-output>
        </test-method> <!-- beforeSuit -->
        <test-method is-config="true" signature="beforeTest()[pri:0, instance:com.automation.tests.SalesForceAutomationScripts@2892d68]" started-at="2023-06-19T19:27:04 PDT" name="beforeTest" finished-at="2023-06-19T19:27:04 PDT" duration-ms="5" status="PASS">
          <reporter-output>
          </reporter-output>
        </test-method> <!-- beforeTest -->
        <test-method is-config="true" signature="beforeMethod(java.lang.String)[pri:0, instance:com.automation.tests.SalesForceAutomationScripts@2892d68]" started-at="2023-06-19T19:27:04 PDT" name="beforeMethod" finished-at="2023-06-19T19:27:08 PDT" duration-ms="3666" status="PASS">
          <params>
            <param index="0">
              <value>
                <![CDATA[Firefox]]>
              </value>
            </param>
          </params>
          <reporter-output>
          </reporter-output>
        </test-method> <!-- beforeMethod -->
        <test-method signature="UserMenuDropDownTC06()[pri:0, instance:com.automation.tests.SalesForceAutomationScripts@2892d68]" started-at="2023-06-19T19:27:08 PDT" name="UserMenuDropDownTC06" finished-at="2023-06-19T19:27:57 PDT" duration-ms="49334" status="FAIL">
          <exception class="org.openqa.selenium.TimeoutException">
            <message>
              <![CDATA[Expected condition failed: waiting for element to be clickable: By.xpath: //div[@class='uploadButtonPanel']/input[@value='Save'][1] (tried for 30 second(s) with 5000 milliseconds interval)
Build info: version: '3.141.59', revision: 'e82be7d358', time: '2018-11-14T08:17:03'
System info: host: 'Vrishalis-MacBook-Air.local', ip: '2601:641:401:7160:0:0:0:adf2%en0', os.name: 'Mac OS X', os.arch: 'x86_64', os.version: '13.0', java.version: '17.0.6'
Driver info: driver.version: unknown]]>
            </message>
            <full-stacktrace>
              <![CDATA[org.openqa.selenium.TimeoutException: Expected condition failed: waiting for element to be clickable: By.xpath: //div[@class='uploadButtonPanel']/input[@value='Save'][1] (tried for 30 second(s) with 5000 milliseconds interval)
Build info: version: '3.141.59', revision: 'e82be7d358', time: '2018-11-14T08:17:03'
System info: host: 'Vrishalis-MacBook-Air.local', ip: '2601:641:401:7160:0:0:0:adf2%en0', os.name: 'Mac OS X', os.arch: 'x86_64', os.version: '13.0', java.version: '17.0.6'
Driver info: driver.version: unknown
at org.openqa.selenium.support.ui.FluentWait.timeoutException(FluentWait.java:304)
at org.openqa.selenium.support.ui.FluentWait.until(FluentWait.java:272)
at com.automation.base.SalesForceBase.waitTillElementIsClickable(SalesForceBase.java:178)
at com.automation.tests.SalesForceAutomationScripts.uploadProfilePhoto(SalesForceAutomationScripts.java:460)
at com.automation.tests.SalesForceAutomationScripts.UserMenuDropDownTC06(SalesForceAutomationScripts.java:500)
at java.base/jdk.internal.reflect.NativeMethodAccessorImpl.invoke0(Native Method)
at java.base/jdk.internal.reflect.NativeMethodAccessorImpl.invoke(NativeMethodAccessorImpl.java:77)
at java.base/jdk.internal.reflect.DelegatingMethodAccessorImpl.invoke(DelegatingMethodAccessorImpl.java:43)
at java.base/java.lang.reflect.Method.invoke(Method.java:568)
at org.testng.internal.invokers.MethodInvocationHelper.invokeMethod(MethodInvocationHelper.java:139)
at org.testng.internal.invokers.TestInvoker.invokeMethod(TestInvoker.java:677)
at org.testng.internal.invokers.TestInvoker.invokeTestMethod(TestInvoker.java:221)
at org.testng.internal.invokers.MethodRunner.runInSequence(MethodRunner.java:50)
at org.testng.internal.invokers.TestInvoker$MethodInvocationAgent.invoke(TestInvoker.java:969)
at org.testng.internal.invokers.TestInvoker.invokeTestMethods(TestInvoker.java:194)
at org.testng.internal.invokers.TestMethodWorker.invokeTestMethods(TestMethodWorker.java:148)
at org.testng.internal.invokers.TestMethodWorker.run(TestMethodWorker.java:128)
at java.base/java.util.ArrayList.forEach(ArrayList.java:1511)
at org.testng.TestRunner.privateRun(TestRunner.java:829)
at org.testng.TestRunner.run(TestRunner.java:602)
at org.testng.SuiteRunner.runTest(SuiteRunner.java:437)
at org.testng.SuiteRunner.runSequentially(SuiteRunner.java:431)
at org.testng.SuiteRunner.privateRun(SuiteRunner.java:391)
at org.testng.SuiteRunner.run(SuiteRunner.java:330)
at org.testng.SuiteRunnerWorker.runSuite(SuiteRunnerWorker.java:52)
at org.testng.SuiteRunnerWorker.run(SuiteRunnerWorker.java:95)
at org.testng.TestNG.runSuitesSequentially(TestNG.java:1256)
at org.testng.TestNG.runSuitesLocally(TestNG.java:1176)
at org.testng.TestNG.runSuites(TestNG.java:1099)
at org.testng.TestNG.run(TestNG.java:1067)
at org.testng.remote.AbstractRemoteTestNG.run(AbstractRemoteTestNG.java:115)
at org.testng.remote.RemoteTestNG.initAndRun(RemoteTestNG.java:251)
at org.testng.remote.RemoteTestNG.main(RemoteTestNG.java:77)
]]>
            </full-stacktrace>
          </exception> <!-- org.openqa.selenium.TimeoutException -->
          <reporter-output>
          </reporter-output>
        </test-method> <!-- UserMenuDropDownTC06 -->
        <test-method is-config="true" signature="afterMethod()[pri:0, instance:com.automation.tests.SalesForceAutomationScripts@2892d68]" started-at="2023-06-19T19:27:57 PDT" name="afterMethod" finished-at="2023-06-19T19:28:08 PDT" duration-ms="10536" status="PASS">
          <reporter-output>
          </reporter-output>
        </test-method> <!-- afterMethod -->
      </class> <!-- com.automation.tests.SalesForceAutomationScripts -->
    </test> <!-- Default test -->
  </suite> <!-- Default suite -->
</testng-results>
